{"C:\\Users\\jay\\Documents\\GitHub\\typer99\\server\\index.js": {"path":"C:\\Users\\jay\\Documents\\GitHub\\typer99\\server\\index.js","statementMap":{"0":{"start":{"line":1,"column":16},"end":{"line":1,"column":34}},"1":{"start":{"line":2,"column":13},"end":{"line":2,"column":28}},"2":{"start":{"line":3,"column":19},"end":{"line":3,"column":39}},"3":{"start":{"line":4,"column":13},"end":{"line":4,"column":28}},"4":{"start":{"line":5,"column":13},"end":{"line":5,"column":28}},"5":{"start":{"line":6,"column":22},"end":{"line":6,"column":41}},"6":{"start":{"line":9,"column":12},"end":{"line":9,"column":21}},"7":{"start":{"line":10,"column":15},"end":{"line":10,"column":37}},"8":{"start":{"line":13,"column":0},"end":{"line":19,"column":4}},"9":{"start":{"line":22,"column":0},"end":{"line":24,"column":3}},"10":{"start":{"line":23,"column":2},"end":{"line":23,"column":41}},"11":{"start":{"line":27,"column":11},"end":{"line":35,"column":2}},"12":{"start":{"line":38,"column":0},"end":{"line":38,"column":18}},"13":{"start":{"line":41,"column":0},"end":{"line":44,"column":3}},"14":{"start":{"line":42,"column":2},"end":{"line":42,"column":27}},"15":{"start":{"line":43,"column":2},"end":{"line":43,"column":59}},"16":{"start":{"line":47,"column":13},"end":{"line":47,"column":37}},"17":{"start":{"line":48,"column":0},"end":{"line":50,"column":3}},"18":{"start":{"line":49,"column":2},"end":{"line":49,"column":57}}},"fnMap":{"0":{"name":"(anonymous_0)","decl":{"start":{"line":22,"column":19},"end":{"line":22,"column":20}},"loc":{"start":{"line":22,"column":33},"end":{"line":24,"column":1}},"line":22},"1":{"name":"(anonymous_1)","decl":{"start":{"line":41,"column":8},"end":{"line":41,"column":9}},"loc":{"start":{"line":41,"column":33},"end":{"line":44,"column":1}},"line":41},"2":{"name":"(anonymous_2)","decl":{"start":{"line":48,"column":20},"end":{"line":48,"column":21}},"loc":{"start":{"line":48,"column":26},"end":{"line":50,"column":1}},"line":48}},"branchMap":{"0":{"loc":{"start":{"line":14,"column":10},"end":{"line":16,"column":56}},"type":"cond-expr","locations":[{"start":{"line":15,"column":6},"end":{"line":15,"column":35}},{"start":{"line":16,"column":6},"end":{"line":16,"column":56}}],"line":14},"1":{"loc":{"start":{"line":29,"column":12},"end":{"line":31,"column":58}},"type":"cond-expr","locations":[{"start":{"line":30,"column":8},"end":{"line":30,"column":37}},{"start":{"line":31,"column":8},"end":{"line":31,"column":58}}],"line":29},"2":{"loc":{"start":{"line":47,"column":13},"end":{"line":47,"column":37}},"type":"binary-expr","locations":[{"start":{"line":47,"column":13},"end":{"line":47,"column":29}},{"start":{"line":47,"column":33},"end":{"line":47,"column":37}}],"line":47}},"s":{"0":0,"1":0,"2":0,"3":0,"4":0,"5":0,"6":0,"7":0,"8":0,"9":0,"10":0,"11":0,"12":0,"13":0,"14":0,"15":0,"16":0,"17":0,"18":0},"f":{"0":0,"1":0,"2":0},"b":{"0":[0,0],"1":[0,0],"2":[0,0]}}
,"C:\\Users\\jay\\Documents\\GitHub\\typer99\\server\\socket.js": {"path":"C:\\Users\\jay\\Documents\\GitHub\\typer99\\server\\socket.js","statementMap":{"0":{"start":{"line":1,"column":23},"end":{"line":1,"column":38}},"1":{"start":{"line":2,"column":39},"end":{"line":2,"column":67}},"2":{"start":{"line":5,"column":16},"end":{"line":5,"column":25}},"3":{"start":{"line":6,"column":14},"end":{"line":6,"column":23}},"4":{"start":{"line":7,"column":16},"end":{"line":7,"column":25}},"5":{"start":{"line":8,"column":27},"end":{"line":8,"column":36}},"6":{"start":{"line":11,"column":20},"end":{"line":36,"column":1}},"7":{"start":{"line":39,"column":2},"end":{"line":380,"column":5}},"8":{"start":{"line":40,"column":4},"end":{"line":40,"column":50}},"9":{"start":{"line":43,"column":4},"end":{"line":117,"column":7}},"10":{"start":{"line":44,"column":6},"end":{"line":116,"column":7}},"11":{"start":{"line":45,"column":8},"end":{"line":45,"column":133}},"12":{"start":{"line":47,"column":23},"end":{"line":57,"column":9}},"13":{"start":{"line":60,"column":8},"end":{"line":60,"column":39}},"14":{"start":{"line":65,"column":8},"end":{"line":97,"column":9}},"15":{"start":{"line":66,"column":10},"end":{"line":66,"column":39}},"16":{"start":{"line":69,"column":10},"end":{"line":71,"column":11}},"17":{"start":{"line":70,"column":12},"end":{"line":70,"column":70}},"18":{"start":{"line":73,"column":10},"end":{"line":75,"column":11}},"19":{"start":{"line":74,"column":12},"end":{"line":74,"column":81}},"20":{"start":{"line":78,"column":10},"end":{"line":78,"column":37}},"21":{"start":{"line":81,"column":29},"end":{"line":81,"column":48}},"22":{"start":{"line":82,"column":10},"end":{"line":82,"column":31}},"23":{"start":{"line":84,"column":10},"end":{"line":92,"column":12}},"24":{"start":{"line":94,"column":10},"end":{"line":94,"column":106}},"25":{"start":{"line":96,"column":10},"end":{"line":96,"column":41}},"26":{"start":{"line":100,"column":8},"end":{"line":100,"column":30}},"27":{"start":{"line":103,"column":8},"end":{"line":103,"column":119}},"28":{"start":{"line":106,"column":8},"end":{"line":109,"column":11}},"29":{"start":{"line":112,"column":8},"end":{"line":112,"column":71}},"30":{"start":{"line":114,"column":8},"end":{"line":114,"column":53}},"31":{"start":{"line":115,"column":8},"end":{"line":115,"column":66}},"32":{"start":{"line":120,"column":4},"end":{"line":209,"column":7}},"33":{"start":{"line":121,"column":6},"end":{"line":208,"column":7}},"34":{"start":{"line":122,"column":8},"end":{"line":124,"column":9}},"35":{"start":{"line":123,"column":10},"end":{"line":123,"column":70}},"36":{"start":{"line":126,"column":22},"end":{"line":126,"column":42}},"37":{"start":{"line":129,"column":8},"end":{"line":131,"column":9}},"38":{"start":{"line":130,"column":10},"end":{"line":130,"column":83}},"39":{"start":{"line":134,"column":25},"end":{"line":134,"column":75}},"40":{"start":{"line":135,"column":23},"end":{"line":135,"column":31}},"41":{"start":{"line":137,"column":22},"end":{"line":137,"column":40}},"42":{"start":{"line":140,"column":8},"end":{"line":156,"column":9}},"43":{"start":{"line":141,"column":29},"end":{"line":141,"column":67}},"44":{"start":{"line":142,"column":27},"end":{"line":153,"column":11}},"45":{"start":{"line":155,"column":10},"end":{"line":155,"column":33}},"46":{"start":{"line":158,"column":21},"end":{"line":177,"column":9}},"47":{"start":{"line":161,"column":37},"end":{"line":168,"column":11}},"48":{"start":{"line":179,"column":8},"end":{"line":179,"column":32}},"49":{"start":{"line":180,"column":8},"end":{"line":180,"column":33}},"50":{"start":{"line":181,"column":8},"end":{"line":181,"column":30}},"51":{"start":{"line":184,"column":8},"end":{"line":184,"column":63}},"52":{"start":{"line":187,"column":8},"end":{"line":204,"column":17}},"53":{"start":{"line":188,"column":10},"end":{"line":188,"column":33}},"54":{"start":{"line":189,"column":10},"end":{"line":193,"column":13}},"55":{"start":{"line":196,"column":10},"end":{"line":198,"column":11}},"56":{"start":{"line":197,"column":12},"end":{"line":197,"column":49}},"57":{"start":{"line":201,"column":10},"end":{"line":203,"column":11}},"58":{"start":{"line":202,"column":12},"end":{"line":202,"column":41}},"59":{"start":{"line":206,"column":8},"end":{"line":206,"column":53}},"60":{"start":{"line":207,"column":8},"end":{"line":207,"column":66}},"61":{"start":{"line":212,"column":4},"end":{"line":253,"column":7}},"62":{"start":{"line":213,"column":6},"end":{"line":252,"column":7}},"63":{"start":{"line":214,"column":8},"end":{"line":214,"column":39}},"64":{"start":{"line":214,"column":32},"end":{"line":214,"column":39}},"65":{"start":{"line":216,"column":21},"end":{"line":216,"column":38}},"66":{"start":{"line":217,"column":28},"end":{"line":217,"column":75}},"67":{"start":{"line":217,"column":56},"end":{"line":217,"column":74}},"68":{"start":{"line":219,"column":8},"end":{"line":219,"column":39}},"69":{"start":{"line":219,"column":32},"end":{"line":219,"column":39}},"70":{"start":{"line":222,"column":8},"end":{"line":222,"column":54}},"71":{"start":{"line":223,"column":8},"end":{"line":223,"column":44}},"72":{"start":{"line":224,"column":8},"end":{"line":224,"column":54}},"73":{"start":{"line":227,"column":8},"end":{"line":236,"column":9}},"74":{"start":{"line":228,"column":10},"end":{"line":228,"column":61}},"75":{"start":{"line":229,"column":10},"end":{"line":229,"column":33}},"76":{"start":{"line":232,"column":10},"end":{"line":235,"column":11}},"77":{"start":{"line":234,"column":12},"end":{"line":234,"column":30}},"78":{"start":{"line":239,"column":8},"end":{"line":244,"column":11}},"79":{"start":{"line":247,"column":8},"end":{"line":249,"column":9}},"80":{"start":{"line":248,"column":10},"end":{"line":248,"column":28}},"81":{"start":{"line":251,"column":8},"end":{"line":251,"column":58}},"82":{"start":{"line":256,"column":4},"end":{"line":307,"column":7}},"83":{"start":{"line":257,"column":6},"end":{"line":306,"column":7}},"84":{"start":{"line":258,"column":8},"end":{"line":261,"column":9}},"85":{"start":{"line":259,"column":10},"end":{"line":259,"column":79}},"86":{"start":{"line":260,"column":10},"end":{"line":260,"column":17}},"87":{"start":{"line":263,"column":21},"end":{"line":263,"column":38}},"88":{"start":{"line":264,"column":28},"end":{"line":264,"column":75}},"89":{"start":{"line":264,"column":56},"end":{"line":264,"column":74}},"90":{"start":{"line":266,"column":8},"end":{"line":269,"column":9}},"91":{"start":{"line":267,"column":10},"end":{"line":267,"column":92}},"92":{"start":{"line":268,"column":10},"end":{"line":268,"column":17}},"93":{"start":{"line":271,"column":8},"end":{"line":271,"column":142}},"94":{"start":{"line":274,"column":8},"end":{"line":274,"column":59}},"95":{"start":{"line":275,"column":8},"end":{"line":275,"column":44}},"96":{"start":{"line":276,"column":8},"end":{"line":276,"column":54}},"97":{"start":{"line":277,"column":8},"end":{"line":277,"column":49}},"98":{"start":{"line":278,"column":8},"end":{"line":278,"column":64}},"99":{"start":{"line":279,"column":8},"end":{"line":279,"column":31}},"100":{"start":{"line":282,"column":8},"end":{"line":283,"column":38}},"101":{"start":{"line":286,"column":8},"end":{"line":294,"column":11}},"102":{"start":{"line":296,"column":8},"end":{"line":296,"column":100}},"103":{"start":{"line":299,"column":8},"end":{"line":302,"column":17}},"104":{"start":{"line":300,"column":10},"end":{"line":300,"column":69}},"105":{"start":{"line":301,"column":10},"end":{"line":301,"column":28}},"106":{"start":{"line":305,"column":8},"end":{"line":305,"column":57}},"107":{"start":{"line":310,"column":4},"end":{"line":379,"column":7}},"108":{"start":{"line":311,"column":6},"end":{"line":378,"column":7}},"109":{"start":{"line":312,"column":8},"end":{"line":312,"column":57}},"110":{"start":{"line":315,"column":8},"end":{"line":372,"column":9}},"111":{"start":{"line":316,"column":30},"end":{"line":316,"column":78}},"112":{"start":{"line":316,"column":59},"end":{"line":316,"column":77}},"113":{"start":{"line":318,"column":10},"end":{"line":371,"column":11}},"114":{"start":{"line":319,"column":27},"end":{"line":319,"column":53}},"115":{"start":{"line":322,"column":12},"end":{"line":335,"column":13}},"116":{"start":{"line":323,"column":27},"end":{"line":323,"column":50}},"117":{"start":{"line":324,"column":38},"end":{"line":324,"column":85}},"118":{"start":{"line":324,"column":66},"end":{"line":324,"column":84}},"119":{"start":{"line":326,"column":14},"end":{"line":334,"column":15}},"120":{"start":{"line":327,"column":16},"end":{"line":327,"column":64}},"121":{"start":{"line":330,"column":38},"end":{"line":330,"column":82}},"122":{"start":{"line":330,"column":63},"end":{"line":330,"column":74}},"123":{"start":{"line":331,"column":16},"end":{"line":333,"column":17}},"124":{"start":{"line":332,"column":18},"end":{"line":332,"column":36}},"125":{"start":{"line":338,"column":30},"end":{"line":367,"column":21}},"126":{"start":{"line":340,"column":14},"end":{"line":340,"column":49}},"127":{"start":{"line":340,"column":42},"end":{"line":340,"column":49}},"128":{"start":{"line":343,"column":14},"end":{"line":363,"column":15}},"129":{"start":{"line":344,"column":37},"end":{"line":344,"column":57}},"130":{"start":{"line":345,"column":16},"end":{"line":345,"column":92}},"131":{"start":{"line":345,"column":72},"end":{"line":345,"column":90}},"132":{"start":{"line":348,"column":16},"end":{"line":351,"column":17}},"133":{"start":{"line":349,"column":18},"end":{"line":349,"column":67}},"134":{"start":{"line":350,"column":18},"end":{"line":350,"column":56}},"135":{"start":{"line":354,"column":16},"end":{"line":362,"column":17}},"136":{"start":{"line":355,"column":18},"end":{"line":355,"column":42}},"137":{"start":{"line":358,"column":18},"end":{"line":361,"column":21}},"138":{"start":{"line":366,"column":14},"end":{"line":366,"column":51}},"139":{"start":{"line":370,"column":12},"end":{"line":370,"column":57}},"140":{"start":{"line":375,"column":8},"end":{"line":375,"column":34}},"141":{"start":{"line":377,"column":8},"end":{"line":377,"column":59}},"142":{"start":{"line":385,"column":2},"end":{"line":390,"column":3}},"143":{"start":{"line":386,"column":16},"end":{"line":386,"column":25}},"144":{"start":{"line":387,"column":26},"end":{"line":387,"column":36}},"145":{"start":{"line":389,"column":13},"end":{"line":389,"column":23}},"146":{"start":{"line":395,"column":2},"end":{"line":409,"column":4}},"147":{"start":{"line":398,"column":37},"end":{"line":404,"column":5}},"148":{"start":{"line":413,"column":2},"end":{"line":430,"column":4}},"149":{"start":{"line":416,"column":36},"end":{"line":426,"column":5}},"150":{"start":{"line":434,"column":25},"end":{"line":484,"column":10}},"151":{"start":{"line":435,"column":4},"end":{"line":483,"column":5}},"152":{"start":{"line":436,"column":6},"end":{"line":439,"column":7}},"153":{"start":{"line":437,"column":8},"end":{"line":437,"column":38}},"154":{"start":{"line":438,"column":8},"end":{"line":438,"column":15}},"155":{"start":{"line":441,"column":19},"end":{"line":441,"column":36}},"156":{"start":{"line":444,"column":6},"end":{"line":447,"column":7}},"157":{"start":{"line":445,"column":8},"end":{"line":445,"column":38}},"158":{"start":{"line":446,"column":8},"end":{"line":446,"column":15}},"159":{"start":{"line":450,"column":18},"end":{"line":450,"column":28}},"160":{"start":{"line":451,"column":6},"end":{"line":451,"column":52}},"161":{"start":{"line":451,"column":45},"end":{"line":451,"column":52}},"162":{"start":{"line":452,"column":6},"end":{"line":452,"column":33}},"163":{"start":{"line":455,"column":28},"end":{"line":455,"column":85}},"164":{"start":{"line":455,"column":53},"end":{"line":455,"column":84}},"165":{"start":{"line":456,"column":32},"end":{"line":456,"column":88}},"166":{"start":{"line":456,"column":58},"end":{"line":456,"column":87}},"167":{"start":{"line":458,"column":6},"end":{"line":458,"column":77}},"168":{"start":{"line":458,"column":70},"end":{"line":458,"column":77}},"169":{"start":{"line":461,"column":23},"end":{"line":461,"column":94}},"170":{"start":{"line":463,"column":20},"end":{"line":463,"column":67}},"171":{"start":{"line":463,"column":46},"end":{"line":463,"column":66}},"172":{"start":{"line":464,"column":6},"end":{"line":464,"column":39}},"173":{"start":{"line":464,"column":32},"end":{"line":464,"column":39}},"174":{"start":{"line":466,"column":21},"end":{"line":466,"column":72}},"175":{"start":{"line":469,"column":6},"end":{"line":473,"column":9}},"176":{"start":{"line":476,"column":6},"end":{"line":479,"column":9}},"177":{"start":{"line":482,"column":6},"end":{"line":482,"column":62}},"178":{"start":{"line":488,"column":2},"end":{"line":488,"column":26}},"179":{"start":{"line":489,"column":2},"end":{"line":489,"column":28}},"180":{"start":{"line":492,"column":19},"end":{"line":504,"column":7}},"181":{"start":{"line":495,"column":6},"end":{"line":495,"column":79}},"182":{"start":{"line":495,"column":42},"end":{"line":495,"column":79}},"183":{"start":{"line":496,"column":6},"end":{"line":496,"column":35}},"184":{"start":{"line":496,"column":25},"end":{"line":496,"column":35}},"185":{"start":{"line":497,"column":6},"end":{"line":497,"column":34}},"186":{"start":{"line":497,"column":25},"end":{"line":497,"column":34}},"187":{"start":{"line":499,"column":6},"end":{"line":499,"column":37}},"188":{"start":{"line":501,"column":29},"end":{"line":504,"column":5}},"189":{"start":{"line":507,"column":2},"end":{"line":514,"column":5}},"190":{"start":{"line":517,"column":2},"end":{"line":536,"column":12}},"191":{"start":{"line":518,"column":4},"end":{"line":532,"column":5}},"192":{"start":{"line":519,"column":20},"end":{"line":519,"column":45}},"193":{"start":{"line":520,"column":6},"end":{"line":520,"column":32}},"194":{"start":{"line":521,"column":6},"end":{"line":521,"column":26}},"195":{"start":{"line":524,"column":6},"end":{"line":529,"column":9}},"196":{"start":{"line":525,"column":8},"end":{"line":525,"column":23}},"197":{"start":{"line":526,"column":8},"end":{"line":526,"column":18}},"198":{"start":{"line":527,"column":8},"end":{"line":527,"column":25}},"199":{"start":{"line":528,"column":8},"end":{"line":528,"column":29}},"200":{"start":{"line":531,"column":6},"end":{"line":531,"column":81}},"201":{"start":{"line":535,"column":4},"end":{"line":535,"column":26}},"202":{"start":{"line":541,"column":14},"end":{"line":541,"column":15}},"203":{"start":{"line":544,"column":25},"end":{"line":544,"column":54}},"204":{"start":{"line":545,"column":2},"end":{"line":547,"column":51}},"205":{"start":{"line":545,"column":33},"end":{"line":545,"column":45}},"206":{"start":{"line":546,"column":7},"end":{"line":547,"column":51}},"207":{"start":{"line":546,"column":40},"end":{"line":546,"column":52}},"208":{"start":{"line":547,"column":7},"end":{"line":547,"column":51}},"209":{"start":{"line":547,"column":38},"end":{"line":547,"column":51}},"210":{"start":{"line":550,"column":2},"end":{"line":550,"column":28}},"211":{"start":{"line":550,"column":15},"end":{"line":550,"column":28}},"212":{"start":{"line":553,"column":24},"end":{"line":553,"column":58}},"213":{"start":{"line":554,"column":2},"end":{"line":554,"column":25}},"214":{"start":{"line":557,"column":2},"end":{"line":557,"column":26}},"215":{"start":{"line":559,"column":2},"end":{"line":559,"column":27}},"216":{"start":{"line":564,"column":20},"end":{"line":564,"column":42}},"217":{"start":{"line":565,"column":24},"end":{"line":565,"column":47}},"218":{"start":{"line":567,"column":2},"end":{"line":569,"column":21}},"219":{"start":{"line":567,"column":27},"end":{"line":567,"column":41}},"220":{"start":{"line":568,"column":7},"end":{"line":569,"column":21}},"221":{"start":{"line":568,"column":30},"end":{"line":568,"column":46}},"222":{"start":{"line":569,"column":7},"end":{"line":569,"column":21}},"223":{"start":{"line":574,"column":19},"end":{"line":574,"column":49}},"224":{"start":{"line":574,"column":42},"end":{"line":574,"column":48}},"225":{"start":{"line":575,"column":2},"end":{"line":575,"column":24}},"226":{"start":{"line":575,"column":17},"end":{"line":575,"column":24}},"227":{"start":{"line":577,"column":21},"end":{"line":577,"column":58}},"228":{"start":{"line":578,"column":21},"end":{"line":578,"column":37}},"229":{"start":{"line":581,"column":18},"end":{"line":581,"column":36}},"230":{"start":{"line":582,"column":25},"end":{"line":582,"column":36}},"231":{"start":{"line":583,"column":25},"end":{"line":583,"column":44}},"232":{"start":{"line":586,"column":23},"end":{"line":586,"column":54}},"233":{"start":{"line":587,"column":24},"end":{"line":587,"column":68}},"234":{"start":{"line":590,"column":25},"end":{"line":590,"column":73}},"235":{"start":{"line":591,"column":28},"end":{"line":591,"column":72}},"236":{"start":{"line":593,"column":24},"end":{"line":593,"column":25}},"237":{"start":{"line":595,"column":21},"end":{"line":658,"column":20}},"238":{"start":{"line":596,"column":4},"end":{"line":599,"column":5}},"239":{"start":{"line":597,"column":6},"end":{"line":597,"column":32}},"240":{"start":{"line":598,"column":6},"end":{"line":598,"column":13}},"241":{"start":{"line":602,"column":30},"end":{"line":602,"column":115}},"242":{"start":{"line":603,"column":4},"end":{"line":603,"column":61}},"243":{"start":{"line":605,"column":4},"end":{"line":657,"column":5}},"244":{"start":{"line":606,"column":6},"end":{"line":606,"column":28}},"245":{"start":{"line":607,"column":6},"end":{"line":607,"column":32}},"246":{"start":{"line":610,"column":22},"end":{"line":610,"column":57}},"247":{"start":{"line":610,"column":50},"end":{"line":610,"column":56}},"248":{"start":{"line":611,"column":6},"end":{"line":623,"column":7}},"249":{"start":{"line":612,"column":27},"end":{"line":612,"column":57}},"250":{"start":{"line":614,"column":35},"end":{"line":614,"column":69}},"251":{"start":{"line":616,"column":8},"end":{"line":616,"column":45}},"252":{"start":{"line":617,"column":8},"end":{"line":617,"column":55}},"253":{"start":{"line":618,"column":8},"end":{"line":618,"column":65}},"254":{"start":{"line":619,"column":8},"end":{"line":619,"column":31}},"255":{"start":{"line":622,"column":8},"end":{"line":622,"column":116}},"256":{"start":{"line":626,"column":6},"end":{"line":633,"column":9}},"257":{"start":{"line":636,"column":6},"end":{"line":638,"column":7}},"258":{"start":{"line":637,"column":8},"end":{"line":637,"column":26}},"259":{"start":{"line":641,"column":22},"end":{"line":641,"column":57}},"260":{"start":{"line":641,"column":50},"end":{"line":641,"column":56}},"261":{"start":{"line":642,"column":6},"end":{"line":648,"column":7}},"262":{"start":{"line":643,"column":8},"end":{"line":643,"column":69}},"263":{"start":{"line":646,"column":31},"end":{"line":646,"column":100}},"264":{"start":{"line":647,"column":8},"end":{"line":647,"column":84}},"265":{"start":{"line":651,"column":6},"end":{"line":656,"column":9}},"266":{"start":{"line":661,"column":2},"end":{"line":661,"column":31}},"267":{"start":{"line":666,"column":2},"end":{"line":666,"column":59}},"268":{"start":{"line":670,"column":0},"end":{"line":681,"column":2}},"269":{"start":{"line":672,"column":2},"end":{"line":674,"column":5}},"270":{"start":{"line":673,"column":4},"end":{"line":673,"column":28}},"271":{"start":{"line":675,"column":2},"end":{"line":675,"column":29}},"272":{"start":{"line":678,"column":2},"end":{"line":678,"column":18}},"273":{"start":{"line":679,"column":2},"end":{"line":679,"column":16}},"274":{"start":{"line":680,"column":2},"end":{"line":680,"column":18}},"275":{"start":{"line":683,"column":0},"end":{"line":683,"column":31}}},"fnMap":{"0":{"name":"socketHandler","decl":{"start":{"line":38,"column":9},"end":{"line":38,"column":22}},"loc":{"start":{"line":38,"column":27},"end":{"line":381,"column":1}},"line":38},"1":{"name":"(anonymous_1)","decl":{"start":{"line":39,"column":22},"end":{"line":39,"column":23}},"loc":{"start":{"line":39,"column":34},"end":{"line":380,"column":3}},"line":39},"2":{"name":"(anonymous_2)","decl":{"start":{"line":43,"column":28},"end":{"line":43,"column":29}},"loc":{"start":{"line":43,"column":79},"end":{"line":117,"column":5}},"line":43},"3":{"name":"(anonymous_3)","decl":{"start":{"line":120,"column":28},"end":{"line":120,"column":29}},"loc":{"start":{"line":120,"column":45},"end":{"line":209,"column":5}},"line":120},"4":{"name":"(anonymous_4)","decl":{"start":{"line":161,"column":31},"end":{"line":161,"column":32}},"loc":{"start":{"line":161,"column":37},"end":{"line":168,"column":11}},"line":161},"5":{"name":"(anonymous_5)","decl":{"start":{"line":187,"column":19},"end":{"line":187,"column":20}},"loc":{"start":{"line":187,"column":25},"end":{"line":204,"column":9}},"line":187},"6":{"name":"(anonymous_6)","decl":{"start":{"line":212,"column":33},"end":{"line":212,"column":34}},"loc":{"start":{"line":212,"column":74},"end":{"line":253,"column":5}},"line":212},"7":{"name":"(anonymous_7)","decl":{"start":{"line":217,"column":51},"end":{"line":217,"column":52}},"loc":{"start":{"line":217,"column":56},"end":{"line":217,"column":74}},"line":217},"8":{"name":"(anonymous_8)","decl":{"start":{"line":256,"column":32},"end":{"line":256,"column":33}},"loc":{"start":{"line":256,"column":88},"end":{"line":307,"column":5}},"line":256},"9":{"name":"(anonymous_9)","decl":{"start":{"line":264,"column":51},"end":{"line":264,"column":52}},"loc":{"start":{"line":264,"column":56},"end":{"line":264,"column":74}},"line":264},"10":{"name":"(anonymous_10)","decl":{"start":{"line":299,"column":19},"end":{"line":299,"column":20}},"loc":{"start":{"line":299,"column":25},"end":{"line":302,"column":9}},"line":299},"11":{"name":"(anonymous_11)","decl":{"start":{"line":310,"column":28},"end":{"line":310,"column":29}},"loc":{"start":{"line":310,"column":34},"end":{"line":379,"column":5}},"line":310},"12":{"name":"(anonymous_12)","decl":{"start":{"line":316,"column":54},"end":{"line":316,"column":55}},"loc":{"start":{"line":316,"column":59},"end":{"line":316,"column":77}},"line":316},"13":{"name":"(anonymous_13)","decl":{"start":{"line":324,"column":61},"end":{"line":324,"column":62}},"loc":{"start":{"line":324,"column":66},"end":{"line":324,"column":84}},"line":324},"14":{"name":"(anonymous_14)","decl":{"start":{"line":330,"column":58},"end":{"line":330,"column":59}},"loc":{"start":{"line":330,"column":63},"end":{"line":330,"column":74}},"line":330},"15":{"name":"(anonymous_15)","decl":{"start":{"line":338,"column":41},"end":{"line":338,"column":42}},"loc":{"start":{"line":338,"column":47},"end":{"line":367,"column":13}},"line":338},"16":{"name":"(anonymous_16)","decl":{"start":{"line":345,"column":67},"end":{"line":345,"column":68}},"loc":{"start":{"line":345,"column":72},"end":{"line":345,"column":90}},"line":345},"17":{"name":"getMaxPlayers","decl":{"start":{"line":384,"column":9},"end":{"line":384,"column":22}},"loc":{"start":{"line":384,"column":33},"end":{"line":391,"column":1}},"line":384},"18":{"name":"filterLobbyData","decl":{"start":{"line":393,"column":9},"end":{"line":393,"column":24}},"loc":{"start":{"line":393,"column":32},"end":{"line":410,"column":1}},"line":393},"19":{"name":"(anonymous_19)","decl":{"start":{"line":398,"column":31},"end":{"line":398,"column":32}},"loc":{"start":{"line":398,"column":37},"end":{"line":404,"column":5}},"line":398},"20":{"name":"filterGameData","decl":{"start":{"line":412,"column":9},"end":{"line":412,"column":23}},"loc":{"start":{"line":412,"column":30},"end":{"line":431,"column":1}},"line":412},"21":{"name":"(anonymous_21)","decl":{"start":{"line":416,"column":30},"end":{"line":416,"column":31}},"loc":{"start":{"line":416,"column":36},"end":{"line":426,"column":5}},"line":416},"22":{"name":"setupBattleRoyaleAttacks","decl":{"start":{"line":433,"column":9},"end":{"line":433,"column":33}},"loc":{"start":{"line":433,"column":46},"end":{"line":485,"column":1}},"line":433},"23":{"name":"(anonymous_23)","decl":{"start":{"line":434,"column":37},"end":{"line":434,"column":38}},"loc":{"start":{"line":434,"column":43},"end":{"line":484,"column":3}},"line":434},"24":{"name":"(anonymous_24)","decl":{"start":{"line":455,"column":48},"end":{"line":455,"column":49}},"loc":{"start":{"line":455,"column":53},"end":{"line":455,"column":84}},"line":455},"25":{"name":"(anonymous_25)","decl":{"start":{"line":456,"column":53},"end":{"line":456,"column":54}},"loc":{"start":{"line":456,"column":58},"end":{"line":456,"column":87}},"line":456},"26":{"name":"(anonymous_26)","decl":{"start":{"line":463,"column":41},"end":{"line":463,"column":42}},"loc":{"start":{"line":463,"column":46},"end":{"line":463,"column":66}},"line":463},"27":{"name":"endGame","decl":{"start":{"line":487,"column":9},"end":{"line":487,"column":16}},"loc":{"start":{"line":487,"column":27},"end":{"line":537,"column":1}},"line":487},"28":{"name":"(anonymous_28)","decl":{"start":{"line":493,"column":10},"end":{"line":493,"column":11}},"loc":{"start":{"line":493,"column":20},"end":{"line":500,"column":5}},"line":493},"29":{"name":"(anonymous_29)","decl":{"start":{"line":501,"column":9},"end":{"line":501,"column":10}},"loc":{"start":{"line":501,"column":29},"end":{"line":504,"column":5}},"line":501},"30":{"name":"(anonymous_30)","decl":{"start":{"line":517,"column":13},"end":{"line":517,"column":14}},"loc":{"start":{"line":517,"column":19},"end":{"line":536,"column":3}},"line":517},"31":{"name":"(anonymous_31)","decl":{"start":{"line":524,"column":28},"end":{"line":524,"column":29}},"loc":{"start":{"line":524,"column":33},"end":{"line":529,"column":7}},"line":524},"32":{"name":"calculatePlayerScore","decl":{"start":{"line":540,"column":9},"end":{"line":540,"column":29}},"loc":{"start":{"line":540,"column":53},"end":{"line":560,"column":1}},"line":540},"33":{"name":"getDifficultyLevel","decl":{"start":{"line":563,"column":9},"end":{"line":563,"column":27}},"loc":{"start":{"line":563,"column":34},"end":{"line":570,"column":1}},"line":563},"34":{"name":"simulateAIProgress","decl":{"start":{"line":573,"column":9},"end":{"line":573,"column":27}},"loc":{"start":{"line":573,"column":38},"end":{"line":662,"column":1}},"line":573},"35":{"name":"(anonymous_35)","decl":{"start":{"line":574,"column":37},"end":{"line":574,"column":38}},"loc":{"start":{"line":574,"column":42},"end":{"line":574,"column":48}},"line":574},"36":{"name":"(anonymous_36)","decl":{"start":{"line":595,"column":33},"end":{"line":595,"column":34}},"loc":{"start":{"line":595,"column":39},"end":{"line":658,"column":3}},"line":595},"37":{"name":"(anonymous_37)","decl":{"start":{"line":610,"column":45},"end":{"line":610,"column":46}},"loc":{"start":{"line":610,"column":50},"end":{"line":610,"column":56}},"line":610},"38":{"name":"(anonymous_38)","decl":{"start":{"line":641,"column":45},"end":{"line":641,"column":46}},"loc":{"start":{"line":641,"column":50},"end":{"line":641,"column":56}},"line":641},"39":{"name":"getRandomInRange","decl":{"start":{"line":665,"column":9},"end":{"line":665,"column":25}},"loc":{"start":{"line":665,"column":36},"end":{"line":667,"column":1}},"line":665},"40":{"name":"(anonymous_40)","decl":{"start":{"line":670,"column":24},"end":{"line":670,"column":25}},"loc":{"start":{"line":670,"column":35},"end":{"line":681,"column":1}},"line":670},"41":{"name":"(anonymous_41)","decl":{"start":{"line":672,"column":29},"end":{"line":672,"column":30}},"loc":{"start":{"line":672,"column":44},"end":{"line":674,"column":3}},"line":672}},"branchMap":{"0":{"loc":{"start":{"line":45,"column":94},"end":{"line":45,"column":110}},"type":"binary-expr","locations":[{"start":{"line":45,"column":94},"end":{"line":45,"column":101}},{"start":{"line":45,"column":105},"end":{"line":45,"column":110}}],"line":45},"1":{"loc":{"start":{"line":49,"column":20},"end":{"line":49,"column":69}},"type":"binary-expr","locations":[{"start":{"line":49,"column":20},"end":{"line":49,"column":28}},{"start":{"line":49,"column":32},"end":{"line":49,"column":69}}],"line":49},"2":{"loc":{"start":{"line":65,"column":8},"end":{"line":97,"column":9}},"type":"if","locations":[{"start":{"line":65,"column":8},"end":{"line":97,"column":9}},{"start":{"line":79,"column":15},"end":{"line":97,"column":9}}],"line":65},"3":{"loc":{"start":{"line":65,"column":12},"end":{"line":65,"column":43}},"type":"binary-expr","locations":[{"start":{"line":65,"column":12},"end":{"line":65,"column":19}},{"start":{"line":65,"column":23},"end":{"line":65,"column":43}}],"line":65},"4":{"loc":{"start":{"line":69,"column":10},"end":{"line":71,"column":11}},"type":"if","locations":[{"start":{"line":69,"column":10},"end":{"line":71,"column":11}},{"start":{},"end":{}}],"line":69},"5":{"loc":{"start":{"line":73,"column":10},"end":{"line":75,"column":11}},"type":"if","locations":[{"start":{"line":73,"column":10},"end":{"line":75,"column":11}},{"start":{},"end":{}}],"line":73},"6":{"loc":{"start":{"line":81,"column":29},"end":{"line":81,"column":48}},"type":"binary-expr","locations":[{"start":{"line":81,"column":29},"end":{"line":81,"column":36}},{"start":{"line":81,"column":40},"end":{"line":81,"column":48}}],"line":81},"7":{"loc":{"start":{"line":86,"column":22},"end":{"line":86,"column":48}},"type":"binary-expr","locations":[{"start":{"line":86,"column":22},"end":{"line":86,"column":30}},{"start":{"line":86,"column":34},"end":{"line":86,"column":48}}],"line":86},"8":{"loc":{"start":{"line":91,"column":24},"end":{"line":91,"column":94}},"type":"cond-expr","locations":[{"start":{"line":91,"column":50},"end":{"line":91,"column":87}},{"start":{"line":91,"column":90},"end":{"line":91,"column":94}}],"line":91},"9":{"loc":{"start":{"line":91,"column":62},"end":{"line":91,"column":86}},"type":"binary-expr","locations":[{"start":{"line":91,"column":62},"end":{"line":91,"column":74}},{"start":{"line":91,"column":78},"end":{"line":91,"column":86}}],"line":91},"10":{"loc":{"start":{"line":122,"column":8},"end":{"line":124,"column":9}},"type":"if","locations":[{"start":{"line":122,"column":8},"end":{"line":124,"column":9}},{"start":{},"end":{}}],"line":122},"11":{"loc":{"start":{"line":129,"column":8},"end":{"line":131,"column":9}},"type":"if","locations":[{"start":{"line":129,"column":8},"end":{"line":131,"column":9}},{"start":{},"end":{}}],"line":129},"12":{"loc":{"start":{"line":140,"column":8},"end":{"line":156,"column":9}},"type":"if","locations":[{"start":{"line":140,"column":8},"end":{"line":156,"column":9}},{"start":{},"end":{}}],"line":140},"13":{"loc":{"start":{"line":141,"column":29},"end":{"line":141,"column":67}},"type":"binary-expr","locations":[{"start":{"line":141,"column":29},"end":{"line":141,"column":45}},{"start":{"line":141,"column":49},"end":{"line":141,"column":67}}],"line":141},"14":{"loc":{"start":{"line":164,"column":17},"end":{"line":164,"column":35}},"type":"cond-expr","locations":[{"start":{"line":164,"column":26},"end":{"line":164,"column":31}},{"start":{"line":164,"column":34},"end":{"line":164,"column":35}}],"line":164},"15":{"loc":{"start":{"line":165,"column":22},"end":{"line":165,"column":47}},"type":"cond-expr","locations":[{"start":{"line":165,"column":31},"end":{"line":165,"column":41}},{"start":{"line":165,"column":44},"end":{"line":165,"column":47}}],"line":165},"16":{"loc":{"start":{"line":196,"column":10},"end":{"line":198,"column":11}},"type":"if","locations":[{"start":{"line":196,"column":10},"end":{"line":198,"column":11}},{"start":{},"end":{}}],"line":196},"17":{"loc":{"start":{"line":201,"column":10},"end":{"line":203,"column":11}},"type":"if","locations":[{"start":{"line":201,"column":10},"end":{"line":203,"column":11}},{"start":{},"end":{}}],"line":201},"18":{"loc":{"start":{"line":214,"column":8},"end":{"line":214,"column":39}},"type":"if","locations":[{"start":{"line":214,"column":8},"end":{"line":214,"column":39}},{"start":{},"end":{}}],"line":214},"19":{"loc":{"start":{"line":219,"column":8},"end":{"line":219,"column":39}},"type":"if","locations":[{"start":{"line":219,"column":8},"end":{"line":219,"column":39}},{"start":{},"end":{}}],"line":219},"20":{"loc":{"start":{"line":227,"column":8},"end":{"line":236,"column":9}},"type":"if","locations":[{"start":{"line":227,"column":8},"end":{"line":236,"column":9}},{"start":{},"end":{}}],"line":227},"21":{"loc":{"start":{"line":227,"column":12},"end":{"line":227,"column":70}},"type":"binary-expr","locations":[{"start":{"line":227,"column":12},"end":{"line":227,"column":28}},{"start":{"line":227,"column":32},"end":{"line":227,"column":70}}],"line":227},"22":{"loc":{"start":{"line":232,"column":10},"end":{"line":235,"column":11}},"type":"if","locations":[{"start":{"line":232,"column":10},"end":{"line":235,"column":11}},{"start":{},"end":{}}],"line":232},"23":{"loc":{"start":{"line":232,"column":14},"end":{"line":233,"column":61}},"type":"binary-expr","locations":[{"start":{"line":232,"column":14},"end":{"line":232,"column":47}},{"start":{"line":233,"column":14},"end":{"line":233,"column":61}}],"line":232},"24":{"loc":{"start":{"line":247,"column":8},"end":{"line":249,"column":9}},"type":"if","locations":[{"start":{"line":247,"column":8},"end":{"line":249,"column":9}},{"start":{},"end":{}}],"line":247},"25":{"loc":{"start":{"line":256,"column":64},"end":{"line":256,"column":81}},"type":"default-arg","locations":[{"start":{"line":256,"column":80},"end":{"line":256,"column":81}}],"line":256},"26":{"loc":{"start":{"line":258,"column":8},"end":{"line":261,"column":9}},"type":"if","locations":[{"start":{"line":258,"column":8},"end":{"line":261,"column":9}},{"start":{},"end":{}}],"line":258},"27":{"loc":{"start":{"line":266,"column":8},"end":{"line":269,"column":9}},"type":"if","locations":[{"start":{"line":266,"column":8},"end":{"line":269,"column":9}},{"start":{},"end":{}}],"line":266},"28":{"loc":{"start":{"line":318,"column":10},"end":{"line":371,"column":11}},"type":"if","locations":[{"start":{"line":318,"column":10},"end":{"line":371,"column":11}},{"start":{},"end":{}}],"line":318},"29":{"loc":{"start":{"line":322,"column":12},"end":{"line":335,"column":13}},"type":"if","locations":[{"start":{"line":322,"column":12},"end":{"line":335,"column":13}},{"start":{},"end":{}}],"line":322},"30":{"loc":{"start":{"line":322,"column":16},"end":{"line":322,"column":60}},"type":"binary-expr","locations":[{"start":{"line":322,"column":16},"end":{"line":322,"column":33}},{"start":{"line":322,"column":37},"end":{"line":322,"column":60}}],"line":322},"31":{"loc":{"start":{"line":326,"column":14},"end":{"line":334,"column":15}},"type":"if","locations":[{"start":{"line":326,"column":14},"end":{"line":334,"column":15}},{"start":{},"end":{}}],"line":326},"32":{"loc":{"start":{"line":331,"column":16},"end":{"line":333,"column":17}},"type":"if","locations":[{"start":{"line":331,"column":16},"end":{"line":333,"column":17}},{"start":{},"end":{}}],"line":331},"33":{"loc":{"start":{"line":331,"column":20},"end":{"line":331,"column":66}},"type":"binary-expr","locations":[{"start":{"line":331,"column":20},"end":{"line":331,"column":38}},{"start":{"line":331,"column":42},"end":{"line":331,"column":66}}],"line":331},"34":{"loc":{"start":{"line":340,"column":14},"end":{"line":340,"column":49}},"type":"if","locations":[{"start":{"line":340,"column":14},"end":{"line":340,"column":49}},{"start":{},"end":{}}],"line":340},"35":{"loc":{"start":{"line":343,"column":14},"end":{"line":363,"column":15}},"type":"if","locations":[{"start":{"line":343,"column":14},"end":{"line":363,"column":15}},{"start":{},"end":{}}],"line":343},"36":{"loc":{"start":{"line":348,"column":16},"end":{"line":351,"column":17}},"type":"if","locations":[{"start":{"line":348,"column":16},"end":{"line":351,"column":17}},{"start":{},"end":{}}],"line":348},"37":{"loc":{"start":{"line":348,"column":20},"end":{"line":348,"column":88}},"type":"binary-expr","locations":[{"start":{"line":348,"column":20},"end":{"line":348,"column":53}},{"start":{"line":348,"column":57},"end":{"line":348,"column":88}}],"line":348},"38":{"loc":{"start":{"line":354,"column":16},"end":{"line":362,"column":17}},"type":"if","locations":[{"start":{"line":354,"column":16},"end":{"line":362,"column":17}},{"start":{"line":356,"column":23},"end":{"line":362,"column":17}}],"line":354},"39":{"loc":{"start":{"line":385,"column":2},"end":{"line":390,"column":3}},"type":"switch","locations":[{"start":{"line":386,"column":4},"end":{"line":386,"column":25}},{"start":{"line":387,"column":4},"end":{"line":387,"column":36}},{"start":{"line":388,"column":4},"end":{"line":388,"column":24}},{"start":{"line":389,"column":4},"end":{"line":389,"column":23}}],"line":385},"40":{"loc":{"start":{"line":403,"column":12},"end":{"line":403,"column":27}},"type":"binary-expr","locations":[{"start":{"line":403,"column":12},"end":{"line":403,"column":18}},{"start":{"line":403,"column":22},"end":{"line":403,"column":27}}],"line":403},"41":{"loc":{"start":{"line":424,"column":13},"end":{"line":424,"column":25}},"type":"binary-expr","locations":[{"start":{"line":424,"column":13},"end":{"line":424,"column":20}},{"start":{"line":424,"column":24},"end":{"line":424,"column":25}}],"line":424},"42":{"loc":{"start":{"line":425,"column":21},"end":{"line":425,"column":41}},"type":"binary-expr","locations":[{"start":{"line":425,"column":21},"end":{"line":425,"column":36}},{"start":{"line":425,"column":40},"end":{"line":425,"column":41}}],"line":425},"43":{"loc":{"start":{"line":436,"column":6},"end":{"line":439,"column":7}},"type":"if","locations":[{"start":{"line":436,"column":6},"end":{"line":439,"column":7}},{"start":{},"end":{}}],"line":436},"44":{"loc":{"start":{"line":444,"column":6},"end":{"line":447,"column":7}},"type":"if","locations":[{"start":{"line":444,"column":6},"end":{"line":447,"column":7}},{"start":{},"end":{}}],"line":444},"45":{"loc":{"start":{"line":451,"column":6},"end":{"line":451,"column":52}},"type":"if","locations":[{"start":{"line":451,"column":6},"end":{"line":451,"column":52}},{"start":{},"end":{}}],"line":451},"46":{"loc":{"start":{"line":455,"column":53},"end":{"line":455,"column":84}},"type":"binary-expr","locations":[{"start":{"line":455,"column":53},"end":{"line":455,"column":64}},{"start":{"line":455,"column":68},"end":{"line":455,"column":84}}],"line":455},"47":{"loc":{"start":{"line":456,"column":58},"end":{"line":456,"column":87}},"type":"binary-expr","locations":[{"start":{"line":456,"column":58},"end":{"line":456,"column":68}},{"start":{"line":456,"column":72},"end":{"line":456,"column":87}}],"line":456},"48":{"loc":{"start":{"line":458,"column":6},"end":{"line":458,"column":77}},"type":"if","locations":[{"start":{"line":458,"column":6},"end":{"line":458,"column":77}},{"start":{},"end":{}}],"line":458},"49":{"loc":{"start":{"line":458,"column":10},"end":{"line":458,"column":68}},"type":"binary-expr","locations":[{"start":{"line":458,"column":10},"end":{"line":458,"column":40}},{"start":{"line":458,"column":44},"end":{"line":458,"column":68}}],"line":458},"50":{"loc":{"start":{"line":464,"column":6},"end":{"line":464,"column":39}},"type":"if","locations":[{"start":{"line":464,"column":6},"end":{"line":464,"column":39}},{"start":{},"end":{}}],"line":464},"51":{"loc":{"start":{"line":495,"column":6},"end":{"line":495,"column":79}},"type":"if","locations":[{"start":{"line":495,"column":6},"end":{"line":495,"column":79}},{"start":{},"end":{}}],"line":495},"52":{"loc":{"start":{"line":495,"column":10},"end":{"line":495,"column":40}},"type":"binary-expr","locations":[{"start":{"line":495,"column":10},"end":{"line":495,"column":23}},{"start":{"line":495,"column":27},"end":{"line":495,"column":40}}],"line":495},"53":{"loc":{"start":{"line":496,"column":6},"end":{"line":496,"column":35}},"type":"if","locations":[{"start":{"line":496,"column":6},"end":{"line":496,"column":35}},{"start":{},"end":{}}],"line":496},"54":{"loc":{"start":{"line":497,"column":6},"end":{"line":497,"column":34}},"type":"if","locations":[{"start":{"line":497,"column":6},"end":{"line":497,"column":34}},{"start":{},"end":{}}],"line":497},"55":{"loc":{"start":{"line":518,"column":4},"end":{"line":532,"column":5}},"type":"if","locations":[{"start":{"line":518,"column":4},"end":{"line":532,"column":5}},{"start":{},"end":{}}],"line":518},"56":{"loc":{"start":{"line":545,"column":2},"end":{"line":547,"column":51}},"type":"if","locations":[{"start":{"line":545,"column":2},"end":{"line":547,"column":51}},{"start":{"line":546,"column":7},"end":{"line":547,"column":51}}],"line":545},"57":{"loc":{"start":{"line":546,"column":7},"end":{"line":547,"column":51}},"type":"if","locations":[{"start":{"line":546,"column":7},"end":{"line":547,"column":51}},{"start":{"line":547,"column":7},"end":{"line":547,"column":51}}],"line":546},"58":{"loc":{"start":{"line":547,"column":7},"end":{"line":547,"column":51}},"type":"if","locations":[{"start":{"line":547,"column":7},"end":{"line":547,"column":51}},{"start":{},"end":{}}],"line":547},"59":{"loc":{"start":{"line":550,"column":2},"end":{"line":550,"column":28}},"type":"if","locations":[{"start":{"line":550,"column":2},"end":{"line":550,"column":28}},{"start":{},"end":{}}],"line":550},"60":{"loc":{"start":{"line":567,"column":2},"end":{"line":569,"column":21}},"type":"if","locations":[{"start":{"line":567,"column":2},"end":{"line":569,"column":21}},{"start":{"line":568,"column":7},"end":{"line":569,"column":21}}],"line":567},"61":{"loc":{"start":{"line":568,"column":7},"end":{"line":569,"column":21}},"type":"if","locations":[{"start":{"line":568,"column":7},"end":{"line":569,"column":21}},{"start":{"line":569,"column":7},"end":{"line":569,"column":21}}],"line":568},"62":{"loc":{"start":{"line":575,"column":2},"end":{"line":575,"column":24}},"type":"if","locations":[{"start":{"line":575,"column":2},"end":{"line":575,"column":24}},{"start":{},"end":{}}],"line":575},"63":{"loc":{"start":{"line":577,"column":21},"end":{"line":577,"column":58}},"type":"binary-expr","locations":[{"start":{"line":577,"column":21},"end":{"line":577,"column":36}},{"start":{"line":577,"column":40},"end":{"line":577,"column":58}}],"line":577},"64":{"loc":{"start":{"line":596,"column":4},"end":{"line":599,"column":5}},"type":"if","locations":[{"start":{"line":596,"column":4},"end":{"line":599,"column":5}},{"start":{},"end":{}}],"line":596},"65":{"loc":{"start":{"line":596,"column":8},"end":{"line":596,"column":55}},"type":"binary-expr","locations":[{"start":{"line":596,"column":8},"end":{"line":596,"column":27}},{"start":{"line":596,"column":31},"end":{"line":596,"column":55}}],"line":596},"66":{"loc":{"start":{"line":605,"column":4},"end":{"line":657,"column":5}},"type":"if","locations":[{"start":{"line":605,"column":4},"end":{"line":657,"column":5}},{"start":{"line":639,"column":11},"end":{"line":657,"column":5}}],"line":605},"67":{"loc":{"start":{"line":611,"column":6},"end":{"line":623,"column":7}},"type":"if","locations":[{"start":{"line":611,"column":6},"end":{"line":623,"column":7}},{"start":{},"end":{}}],"line":611},"68":{"loc":{"start":{"line":631,"column":15},"end":{"line":631,"column":34}},"type":"binary-expr","locations":[{"start":{"line":631,"column":15},"end":{"line":631,"column":29}},{"start":{"line":631,"column":33},"end":{"line":631,"column":34}}],"line":631},"69":{"loc":{"start":{"line":636,"column":6},"end":{"line":638,"column":7}},"type":"if","locations":[{"start":{"line":636,"column":6},"end":{"line":638,"column":7}},{"start":{},"end":{}}],"line":636},"70":{"loc":{"start":{"line":642,"column":6},"end":{"line":648,"column":7}},"type":"if","locations":[{"start":{"line":642,"column":6},"end":{"line":648,"column":7}},{"start":{},"end":{}}],"line":642}},"s":{"0":2,"1":2,"2":2,"3":2,"4":2,"5":2,"6":2,"7":1,"8":1,"9":1,"10":1,"11":1,"12":1,"13":1,"14":1,"15":0,"16":0,"17":0,"18":0,"19":0,"20":0,"21":1,"22":1,"23":1,"24":1,"25":1,"26":1,"27":1,"28":1,"29":1,"30":0,"31":0,"32":1,"33":0,"34":0,"35":0,"36":0,"37":0,"38":0,"39":0,"40":0,"41":0,"42":0,"43":0,"44":0,"45":0,"46":0,"47":0,"48":0,"49":0,"50":0,"51":0,"52":0,"53":0,"54":0,"55":0,"56":0,"57":0,"58":0,"59":0,"60":0,"61":1,"62":0,"63":0,"64":0,"65":0,"66":0,"67":0,"68":0,"69":0,"70":0,"71":0,"72":0,"73":0,"74":0,"75":0,"76":0,"77":0,"78":0,"79":0,"80":0,"81":0,"82":1,"83":0,"84":0,"85":0,"86":0,"87":0,"88":0,"89":0,"90":0,"91":0,"92":0,"93":0,"94":0,"95":0,"96":0,"97":0,"98":0,"99":0,"100":0,"101":0,"102":0,"103":0,"104":0,"105":0,"106":0,"107":1,"108":1,"109":1,"110":1,"111":0,"112":0,"113":0,"114":0,"115":0,"116":0,"117":0,"118":0,"119":0,"120":0,"121":0,"122":0,"123":0,"124":0,"125":0,"126":0,"127":0,"128":0,"129":0,"130":0,"131":0,"132":0,"133":0,"134":0,"135":0,"136":0,"137":0,"138":0,"139":0,"140":1,"141":0,"142":1,"143":0,"144":0,"145":1,"146":2,"147":2,"148":0,"149":0,"150":0,"151":0,"152":0,"153":0,"154":0,"155":0,"156":0,"157":0,"158":0,"159":0,"160":0,"161":0,"162":0,"163":0,"164":0,"165":0,"166":0,"167":0,"168":0,"169":0,"170":0,"171":0,"172":0,"173":0,"174":0,"175":0,"176":0,"177":0,"178":0,"179":0,"180":0,"181":0,"182":0,"183":0,"184":0,"185":0,"186":0,"187":0,"188":0,"189":0,"190":0,"191":0,"192":0,"193":0,"194":0,"195":0,"196":0,"197":0,"198":0,"199":0,"200":0,"201":0,"202":0,"203":0,"204":0,"205":0,"206":0,"207":0,"208":0,"209":0,"210":0,"211":0,"212":0,"213":0,"214":0,"215":0,"216":0,"217":0,"218":0,"219":0,"220":0,"221":0,"222":0,"223":0,"224":0,"225":0,"226":0,"227":0,"228":0,"229":0,"230":0,"231":0,"232":0,"233":0,"234":0,"235":0,"236":0,"237":0,"238":0,"239":0,"240":0,"241":0,"242":0,"243":0,"244":0,"245":0,"246":0,"247":0,"248":0,"249":0,"250":0,"251":0,"252":0,"253":0,"254":0,"255":0,"256":0,"257":0,"258":0,"259":0,"260":0,"261":0,"262":0,"263":0,"264":0,"265":0,"266":0,"267":0,"268":2,"269":1,"270":0,"271":1,"272":1,"273":1,"274":1,"275":2},"f":{"0":1,"1":1,"2":1,"3":0,"4":0,"5":0,"6":0,"7":0,"8":0,"9":0,"10":0,"11":1,"12":0,"13":0,"14":0,"15":0,"16":0,"17":1,"18":2,"19":2,"20":0,"21":0,"22":0,"23":0,"24":0,"25":0,"26":0,"27":0,"28":0,"29":0,"30":0,"31":0,"32":0,"33":0,"34":0,"35":0,"36":0,"37":0,"38":0,"39":0,"40":1,"41":0},"b":{"0":[1,1],"1":[1,0],"2":[0,1],"3":[1,0],"4":[0,0],"5":[0,0],"6":[1,1],"7":[1,0],"8":[0,1],"9":[0,0],"10":[0,0],"11":[0,0],"12":[0,0],"13":[0,0],"14":[0,0],"15":[0,0],"16":[0,0],"17":[0,0],"18":[0,0],"19":[0,0],"20":[0,0],"21":[0,0],"22":[0,0],"23":[0,0],"24":[0,0],"25":[0],"26":[0,0],"27":[0,0],"28":[0,0],"29":[0,0],"30":[0,0],"31":[0,0],"32":[0,0],"33":[0,0],"34":[0,0],"35":[0,0],"36":[0,0],"37":[0,0],"38":[0,0],"39":[0,0,1,1],"40":[2,2],"41":[0,0],"42":[0,0],"43":[0,0],"44":[0,0],"45":[0,0],"46":[0,0],"47":[0,0],"48":[0,0],"49":[0,0],"50":[0,0],"51":[0,0],"52":[0,0],"53":[0,0],"54":[0,0],"55":[0,0],"56":[0,0],"57":[0,0],"58":[0,0],"59":[0,0],"60":[0,0],"61":[0,0],"62":[0,0],"63":[0,0],"64":[0,0],"65":[0,0],"66":[0,0],"67":[0,0],"68":[0,0],"69":[0,0],"70":[0,0]},"_coverageSchema":"1a1c01bbd47fc00a2c39e90264f33305004495a9","hash":"db0024e0b51808886ec3ecddb0e18d1d1a713502"}
,"C:\\Users\\jay\\Documents\\GitHub\\typer99\\server\\utils\\gameUtils.js": {"path":"C:\\Users\\jay\\Documents\\GitHub\\typer99\\server\\utils\\gameUtils.js","statementMap":{"0":{"start":{"line":1,"column":18},"end":{"line":1,"column":50}},"1":{"start":{"line":7,"column":48},"end":{"line":7,"column":57}},"2":{"start":{"line":8,"column":14},"end":{"line":8,"column":16}},"3":{"start":{"line":11,"column":2},"end":{"line":36,"column":3}},"4":{"start":{"line":14,"column":6},"end":{"line":14,"column":21}},"5":{"start":{"line":15,"column":6},"end":{"line":15,"column":53}},"6":{"start":{"line":16,"column":6},"end":{"line":16,"column":12}},"7":{"start":{"line":20,"column":6},"end":{"line":20,"column":53}},"8":{"start":{"line":21,"column":6},"end":{"line":25,"column":8}},"9":{"start":{"line":27,"column":6},"end":{"line":27,"column":34}},"10":{"start":{"line":28,"column":6},"end":{"line":28,"column":12}},"11":{"start":{"line":33,"column":6},"end":{"line":33,"column":21}},"12":{"start":{"line":34,"column":6},"end":{"line":34,"column":53}},"13":{"start":{"line":35,"column":6},"end":{"line":35,"column":12}},"14":{"start":{"line":38,"column":2},"end":{"line":38,"column":25}},"15":{"start":{"line":45,"column":17},"end":{"line":45,"column":19}},"16":{"start":{"line":47,"column":2},"end":{"line":50,"column":3}},"17":{"start":{"line":47,"column":15},"end":{"line":47,"column":16}},"18":{"start":{"line":48,"column":24},"end":{"line":48,"column":67}},"19":{"start":{"line":49,"column":4},"end":{"line":49,"column":39}},"20":{"start":{"line":52,"column":2},"end":{"line":52,"column":16}},"21":{"start":{"line":59,"column":17},"end":{"line":59,"column":27}},"22":{"start":{"line":61,"column":2},"end":{"line":64,"column":3}},"23":{"start":{"line":61,"column":15},"end":{"line":61,"column":32}},"24":{"start":{"line":62,"column":14},"end":{"line":62,"column":49}},"25":{"start":{"line":63,"column":4},"end":{"line":63,"column":52}},"26":{"start":{"line":66,"column":2},"end":{"line":66,"column":16}},"27":{"start":{"line":74,"column":28},"end":{"line":74,"column":29}},"28":{"start":{"line":75,"column":18},"end":{"line":75,"column":36}},"29":{"start":{"line":76,"column":2},"end":{"line":76,"column":68}},"30":{"start":{"line":79,"column":0},"end":{"line":83,"column":2}}},"fnMap":{"0":{"name":"generateText","decl":{"start":{"line":6,"column":9},"end":{"line":6,"column":21}},"loc":{"start":{"line":6,"column":45},"end":{"line":39,"column":1}},"line":6},"1":{"name":"getRandomWords","decl":{"start":{"line":44,"column":9},"end":{"line":44,"column":23}},"loc":{"start":{"line":44,"column":41},"end":{"line":53,"column":1}},"line":44},"2":{"name":"shuffleArray","decl":{"start":{"line":58,"column":9},"end":{"line":58,"column":21}},"loc":{"start":{"line":58,"column":29},"end":{"line":67,"column":1}},"line":58},"3":{"name":"calculateWPM","decl":{"start":{"line":72,"column":9},"end":{"line":72,"column":21}},"loc":{"start":{"line":72,"column":53},"end":{"line":77,"column":1}},"line":72}},"branchMap":{"0":{"loc":{"start":{"line":11,"column":2},"end":{"line":36,"column":3}},"type":"switch","locations":[{"start":{"line":12,"column":4},"end":{"line":16,"column":12}},{"start":{"line":18,"column":4},"end":{"line":28,"column":12}},{"start":{"line":30,"column":4},"end":{"line":30,"column":24}},{"start":{"line":31,"column":4},"end":{"line":35,"column":12}}],"line":11}},"s":{"0":3,"1":5,"2":5,"3":5,"4":1,"5":1,"6":1,"7":3,"8":3,"9":3,"10":3,"11":1,"12":1,"13":1,"14":5,"15":15,"16":15,"17":15,"18":218,"19":218,"20":15,"21":3,"22":3,"23":3,"24":92,"25":92,"26":3,"27":4,"28":4,"29":4,"30":3},"f":{"0":5,"1":15,"2":3,"3":4},"b":{"0":[1,3,1,1]},"_coverageSchema":"1a1c01bbd47fc00a2c39e90264f33305004495a9","hash":"7ce7759409803180a82c8863ced0d3f0265131b3"}
,"C:\\Users\\jay\\Documents\\GitHub\\typer99\\server\\wordlists\\wordlist.js": {"path":"C:\\Users\\jay\\Documents\\GitHub\\typer99\\server\\wordlists\\wordlist.js","statementMap":{"0":{"start":{"line":1,"column":18},"end":{"line":9,"column":1}},"1":{"start":{"line":11,"column":20},"end":{"line":21,"column":1}},"2":{"start":{"line":23,"column":18},"end":{"line":34,"column":1}},"3":{"start":{"line":36,"column":0},"end":{"line":40,"column":2}}},"fnMap":{},"branchMap":{},"s":{"0":4,"1":4,"2":4,"3":4},"f":{},"b":{},"_coverageSchema":"1a1c01bbd47fc00a2c39e90264f33305004495a9","hash":"adfaa3f11b9f16a9429a56184a63a4415f4c793e"}
}
