TN:
SF:index.js
FN:22,(anonymous_0)
FN:41,(anonymous_1)
FN:48,(anonymous_2)
FNF:3
FNH:0
FNDA:0,(anonymous_0)
FNDA:0,(anonymous_1)
FNDA:0,(anonymous_2)
DA:1,0
DA:2,0
DA:3,0
DA:4,0
DA:5,0
DA:6,0
DA:9,0
DA:10,0
DA:13,0
DA:22,0
DA:23,0
DA:27,0
DA:38,0
DA:41,0
DA:42,0
DA:43,0
DA:47,0
DA:48,0
DA:49,0
LF:19
LH:0
BRDA:14,0,0,0
BRDA:14,0,1,0
BRDA:29,1,0,0
BRDA:29,1,1,0
BRDA:47,2,0,0
BRDA:47,2,1,0
BRF:6
BRH:0
end_of_record
TN:
SF:socket.js
FN:38,socketHandler
FN:39,(anonymous_1)
FN:43,(anonymous_2)
FN:120,(anonymous_3)
FN:161,(anonymous_4)
FN:187,(anonymous_5)
FN:212,(anonymous_6)
FN:217,(anonymous_7)
FN:256,(anonymous_8)
FN:264,(anonymous_9)
FN:299,(anonymous_10)
FN:310,(anonymous_11)
FN:316,(anonymous_12)
FN:324,(anonymous_13)
FN:330,(anonymous_14)
FN:338,(anonymous_15)
FN:345,(anonymous_16)
FN:384,getMaxPlayers
FN:393,filterLobbyData
FN:398,(anonymous_19)
FN:412,filterGameData
FN:416,(anonymous_21)
FN:433,setupBattleRoyaleAttacks
FN:434,(anonymous_23)
FN:455,(anonymous_24)
FN:456,(anonymous_25)
FN:463,(anonymous_26)
FN:487,endGame
FN:493,(anonymous_28)
FN:501,(anonymous_29)
FN:517,(anonymous_30)
FN:524,(anonymous_31)
FN:540,calculatePlayerScore
FN:563,getDifficultyLevel
FN:573,simulateAIProgress
FN:574,(anonymous_35)
FN:595,(anonymous_36)
FN:610,(anonymous_37)
FN:641,(anonymous_38)
FN:665,getRandomInRange
FN:670,(anonymous_40)
FN:672,(anonymous_41)
FNF:42
FNH:8
FNDA:1,socketHandler
FNDA:1,(anonymous_1)
FNDA:1,(anonymous_2)
FNDA:0,(anonymous_3)
FNDA:0,(anonymous_4)
FNDA:0,(anonymous_5)
FNDA:0,(anonymous_6)
FNDA:0,(anonymous_7)
FNDA:0,(anonymous_8)
FNDA:0,(anonymous_9)
FNDA:0,(anonymous_10)
FNDA:1,(anonymous_11)
FNDA:0,(anonymous_12)
FNDA:0,(anonymous_13)
FNDA:0,(anonymous_14)
FNDA:0,(anonymous_15)
FNDA:0,(anonymous_16)
FNDA:1,getMaxPlayers
FNDA:2,filterLobbyData
FNDA:2,(anonymous_19)
FNDA:0,filterGameData
FNDA:0,(anonymous_21)
FNDA:0,setupBattleRoyaleAttacks
FNDA:0,(anonymous_23)
FNDA:0,(anonymous_24)
FNDA:0,(anonymous_25)
FNDA:0,(anonymous_26)
FNDA:0,endGame
FNDA:0,(anonymous_28)
FNDA:0,(anonymous_29)
FNDA:0,(anonymous_30)
FNDA:0,(anonymous_31)
FNDA:0,calculatePlayerScore
FNDA:0,getDifficultyLevel
FNDA:0,simulateAIProgress
FNDA:0,(anonymous_35)
FNDA:0,(anonymous_36)
FNDA:0,(anonymous_37)
FNDA:0,(anonymous_38)
FNDA:0,getRandomInRange
FNDA:1,(anonymous_40)
FNDA:0,(anonymous_41)
DA:1,2
DA:2,2
DA:5,2
DA:6,2
DA:7,2
DA:8,2
DA:11,2
DA:39,1
DA:40,1
DA:43,1
DA:44,1
DA:45,1
DA:47,1
DA:60,1
DA:65,1
DA:66,0
DA:69,0
DA:70,0
DA:73,0
DA:74,0
DA:78,0
DA:81,1
DA:82,1
DA:84,1
DA:94,1
DA:96,1
DA:100,1
DA:103,1
DA:106,1
DA:112,1
DA:114,0
DA:115,0
DA:120,1
DA:121,0
DA:122,0
DA:123,0
DA:126,0
DA:129,0
DA:130,0
DA:134,0
DA:135,0
DA:137,0
DA:140,0
DA:141,0
DA:142,0
DA:155,0
DA:158,0
DA:161,0
DA:179,0
DA:180,0
DA:181,0
DA:184,0
DA:187,0
DA:188,0
DA:189,0
DA:196,0
DA:197,0
DA:201,0
DA:202,0
DA:206,0
DA:207,0
DA:212,1
DA:213,0
DA:214,0
DA:216,0
DA:217,0
DA:219,0
DA:222,0
DA:223,0
DA:224,0
DA:227,0
DA:228,0
DA:229,0
DA:232,0
DA:234,0
DA:239,0
DA:247,0
DA:248,0
DA:251,0
DA:256,1
DA:257,0
DA:258,0
DA:259,0
DA:260,0
DA:263,0
DA:264,0
DA:266,0
DA:267,0
DA:268,0
DA:271,0
DA:274,0
DA:275,0
DA:276,0
DA:277,0
DA:278,0
DA:279,0
DA:282,0
DA:286,0
DA:296,0
DA:299,0
DA:300,0
DA:301,0
DA:305,0
DA:310,1
DA:311,1
DA:312,1
DA:315,1
DA:316,0
DA:318,0
DA:319,0
DA:322,0
DA:323,0
DA:324,0
DA:326,0
DA:327,0
DA:330,0
DA:331,0
DA:332,0
DA:338,0
DA:340,0
DA:343,0
DA:344,0
DA:345,0
DA:348,0
DA:349,0
DA:350,0
DA:354,0
DA:355,0
DA:358,0
DA:366,0
DA:370,0
DA:375,1
DA:377,0
DA:385,1
DA:386,0
DA:387,0
DA:389,1
DA:395,2
DA:398,2
DA:413,0
DA:416,0
DA:434,0
DA:435,0
DA:436,0
DA:437,0
DA:438,0
DA:441,0
DA:444,0
DA:445,0
DA:446,0
DA:450,0
DA:451,0
DA:452,0
DA:455,0
DA:456,0
DA:458,0
DA:461,0
DA:463,0
DA:464,0
DA:466,0
DA:469,0
DA:476,0
DA:482,0
DA:488,0
DA:489,0
DA:492,0
DA:495,0
DA:496,0
DA:497,0
DA:499,0
DA:501,0
DA:507,0
DA:517,0
DA:518,0
DA:519,0
DA:520,0
DA:521,0
DA:524,0
DA:525,0
DA:526,0
DA:527,0
DA:528,0
DA:531,0
DA:535,0
DA:541,0
DA:544,0
DA:545,0
DA:546,0
DA:547,0
DA:550,0
DA:553,0
DA:554,0
DA:557,0
DA:559,0
DA:564,0
DA:565,0
DA:567,0
DA:568,0
DA:569,0
DA:574,0
DA:575,0
DA:577,0
DA:578,0
DA:581,0
DA:582,0
DA:583,0
DA:586,0
DA:587,0
DA:590,0
DA:591,0
DA:593,0
DA:595,0
DA:596,0
DA:597,0
DA:598,0
DA:602,0
DA:603,0
DA:605,0
DA:606,0
DA:607,0
DA:610,0
DA:611,0
DA:612,0
DA:614,0
DA:616,0
DA:617,0
DA:618,0
DA:619,0
DA:622,0
DA:626,0
DA:636,0
DA:637,0
DA:641,0
DA:642,0
DA:643,0
DA:646,0
DA:647,0
DA:651,0
DA:661,0
DA:666,0
DA:670,2
DA:672,1
DA:673,0
DA:675,1
DA:678,1
DA:679,1
DA:680,1
DA:683,2
LF:248
LH:43
BRDA:45,0,0,1
BRDA:45,0,1,1
BRDA:49,1,0,1
BRDA:49,1,1,0
BRDA:65,2,0,0
BRDA:65,2,1,1
BRDA:65,3,0,1
BRDA:65,3,1,0
BRDA:69,4,0,0
BRDA:69,4,1,0
BRDA:73,5,0,0
BRDA:73,5,1,0
BRDA:81,6,0,1
BRDA:81,6,1,1
BRDA:86,7,0,1
BRDA:86,7,1,0
BRDA:91,8,0,0
BRDA:91,8,1,1
BRDA:91,9,0,0
BRDA:91,9,1,0
BRDA:122,10,0,0
BRDA:122,10,1,0
BRDA:129,11,0,0
BRDA:129,11,1,0
BRDA:140,12,0,0
BRDA:140,12,1,0
BRDA:141,13,0,0
BRDA:141,13,1,0
BRDA:164,14,0,0
BRDA:164,14,1,0
BRDA:165,15,0,0
BRDA:165,15,1,0
BRDA:196,16,0,0
BRDA:196,16,1,0
BRDA:201,17,0,0
BRDA:201,17,1,0
BRDA:214,18,0,0
BRDA:214,18,1,0
BRDA:219,19,0,0
BRDA:219,19,1,0
BRDA:227,20,0,0
BRDA:227,20,1,0
BRDA:227,21,0,0
BRDA:227,21,1,0
BRDA:232,22,0,0
BRDA:232,22,1,0
BRDA:232,23,0,0
BRDA:232,23,1,0
BRDA:247,24,0,0
BRDA:247,24,1,0
BRDA:256,25,0,0
BRDA:258,26,0,0
BRDA:258,26,1,0
BRDA:266,27,0,0
BRDA:266,27,1,0
BRDA:318,28,0,0
BRDA:318,28,1,0
BRDA:322,29,0,0
BRDA:322,29,1,0
BRDA:322,30,0,0
BRDA:322,30,1,0
BRDA:326,31,0,0
BRDA:326,31,1,0
BRDA:331,32,0,0
BRDA:331,32,1,0
BRDA:331,33,0,0
BRDA:331,33,1,0
BRDA:340,34,0,0
BRDA:340,34,1,0
BRDA:343,35,0,0
BRDA:343,35,1,0
BRDA:348,36,0,0
BRDA:348,36,1,0
BRDA:348,37,0,0
BRDA:348,37,1,0
BRDA:354,38,0,0
BRDA:354,38,1,0
BRDA:385,39,0,0
BRDA:385,39,1,0
BRDA:385,39,2,1
BRDA:385,39,3,1
BRDA:403,40,0,2
BRDA:403,40,1,2
BRDA:424,41,0,0
BRDA:424,41,1,0
BRDA:425,42,0,0
BRDA:425,42,1,0
BRDA:436,43,0,0
BRDA:436,43,1,0
BRDA:444,44,0,0
BRDA:444,44,1,0
BRDA:451,45,0,0
BRDA:451,45,1,0
BRDA:455,46,0,0
BRDA:455,46,1,0
BRDA:456,47,0,0
BRDA:456,47,1,0
BRDA:458,48,0,0
BRDA:458,48,1,0
BRDA:458,49,0,0
BRDA:458,49,1,0
BRDA:464,50,0,0
BRDA:464,50,1,0
BRDA:495,51,0,0
BRDA:495,51,1,0
BRDA:495,52,0,0
BRDA:495,52,1,0
BRDA:496,53,0,0
BRDA:496,53,1,0
BRDA:497,54,0,0
BRDA:497,54,1,0
BRDA:518,55,0,0
BRDA:518,55,1,0
BRDA:545,56,0,0
BRDA:545,56,1,0
BRDA:546,57,0,0
BRDA:546,57,1,0
BRDA:547,58,0,0
BRDA:547,58,1,0
BRDA:550,59,0,0
BRDA:550,59,1,0
BRDA:567,60,0,0
BRDA:567,60,1,0
BRDA:568,61,0,0
BRDA:568,61,1,0
BRDA:575,62,0,0
BRDA:575,62,1,0
BRDA:577,63,0,0
BRDA:577,63,1,0
BRDA:596,64,0,0
BRDA:596,64,1,0
BRDA:596,65,0,0
BRDA:596,65,1,0
BRDA:605,66,0,0
BRDA:605,66,1,0
BRDA:611,67,0,0
BRDA:611,67,1,0
BRDA:631,68,0,0
BRDA:631,68,1,0
BRDA:636,69,0,0
BRDA:636,69,1,0
BRDA:642,70,0,0
BRDA:642,70,1,0
BRF:143
BRH:13
end_of_record
TN:
SF:utils\gameUtils.js
FN:6,generateText
FN:44,getRandomWords
FN:58,shuffleArray
FN:72,calculateWPM
FNF:4
FNH:4
FNDA:5,generateText
FNDA:15,getRandomWords
FNDA:3,shuffleArray
FNDA:4,calculateWPM
DA:1,3
DA:7,5
DA:8,5
DA:11,5
DA:14,1
DA:15,1
DA:16,1
DA:20,3
DA:21,3
DA:27,3
DA:28,3
DA:33,1
DA:34,1
DA:35,1
DA:38,5
DA:45,15
DA:47,15
DA:48,218
DA:49,218
DA:52,15
DA:59,3
DA:61,3
DA:62,92
DA:63,92
DA:66,3
DA:74,4
DA:75,4
DA:76,4
DA:79,3
LF:29
LH:29
BRDA:11,0,0,1
BRDA:11,0,1,3
BRDA:11,0,2,1
BRDA:11,0,3,1
BRF:4
BRH:4
end_of_record
TN:
SF:wordlists\wordlist.js
FNF:0
FNH:0
DA:1,4
DA:11,4
DA:23,4
DA:36,4
LF:4
LH:4
BRF:0
BRH:0
end_of_record
